
> starter@1.0.0 e2e:base /Users/xiaoyuchen/Documents/courses/COMP431/inclass-14
> mocha --opts e2e/mocha.opts e2e/*.spec.js "--reporter" "xunit"

<testsuite name="Mocha Tests" tests="3" failures="0" errors="0" skipped="0" timestamp="Wed, 01 Mar 2017 02:23:24 GMT" time="10.725">
<testcase classname="Test Dummy Server Example Page" name="should log in as the test user" time="0.542"/>
<testcase classname="Test Dummy Server Example Page" name="Update the headline and verify the change" time="4.779"/>
<testcase classname="shutdown" name="now" time="0.072"/>
</testsuite>
