TN:
SF:/Users/xiaoyuchen/Documents/courses/COMP431/hw6-frontend/src/actions.js
FN:20,errorMessage
FN:22,successMessage
FN:24,toLanding
FN:26,toMain
FN:28,toProfile
FN:30,noop
FN:32,clearMessage
FN:32,(anonymous_7)
FN:33,(anonymous_8)
FN:39,updateErrorMessage
FN:39,(anonymous_10)
FN:44,updateSuccessMessage
FN:44,(anonymous_12)
FNF:13
FNH:13
FNDA:31,errorMessage
FNDA:15,successMessage
FNDA:2,toLanding
FNDA:2,toMain
FNDA:1,toProfile
FNDA:9,noop
FNDA:47,clearMessage
FNDA:47,(anonymous_7)
FNDA:1,(anonymous_8)
FNDA:31,updateErrorMessage
FNDA:31,(anonymous_10)
FNDA:15,updateSuccessMessage
FNDA:15,(anonymous_12)
DA:2,13
DA:8,13
DA:14,13
DA:20,31
DA:22,15
DA:24,13
DA:26,13
DA:28,13
DA:30,13
DA:32,47
DA:34,1
DA:39,31
DA:40,31
DA:41,31
DA:44,15
DA:45,15
DA:46,15
LF:17
LH:17
BRF:0
BRH:0
end_of_record
TN:
SF:/Users/xiaoyuchen/Documents/courses/COMP431/hw6-frontend/src/reducers.js
FN:16,page
FNF:1
FNH:1
FNDA:6,page
DA:1,1
DA:2,1
DA:3,1
DA:4,1
DA:5,1
DA:6,1
DA:7,1
DA:9,1
DA:16,6
DA:17,6
DA:19,1
DA:24,2
DA:30,3
DA:36,1
LF:14
LH:14
BRDA:16,0,0,3
BRDA:16,0,1,3
BRDA:16,1,0,6
BRDA:16,1,1,6
BRDA:18,2,0,1
BRDA:18,2,1,2
BRDA:18,2,2,3
BRF:7
BRH:7
end_of_record
TN:
SF:/Users/xiaoyuchen/Documents/courses/COMP431/hw6-frontend/src/components/article/container/articleActions.js
FN:20,updateArticlesExclusive
FN:22,updateArticlesInclusive
FN:24,showAll
FN:27,searchByText
FN:34,searchByAuthor
FN:41,toggleComments
FN:43,editingComment
FN:47,setAllArticles
FN:48,(anonymous_8)
FN:49,(anonymous_9)
FN:50,(anonymous_10)
FN:52,postArticle
FN:56,(anonymous_12)
FN:57,(anonymous_13)
FN:61,(anonymous_14)
FN:64,editPost
FN:68,(anonymous_16)
FN:69,(anonymous_17)
FN:73,(anonymous_18)
FN:76,editComment
FN:80,(anonymous_20)
FN:81,(anonymous_21)
FN:85,(anonymous_22)
FN:90,fetchAllArticles
FN:92,(anonymous_24)
FN:93,postNewArticle
FN:97,(anonymous_26)
FN:100,(anonymous_27)
FN:103,putEditPost
FN:105,(anonymous_29)
FN:106,putEditComment
FN:108,(anonymous_31)
FNF:32
FNH:32
FNDA:1,updateArticlesExclusive
FNDA:4,updateArticlesInclusive
FNDA:1,showAll
FNDA:2,searchByText
FNDA:2,searchByAuthor
FNDA:1,toggleComments
FNDA:1,editingComment
FNDA:4,setAllArticles
FNDA:4,(anonymous_8)
FNDA:1,(anonymous_9)
FNDA:3,(anonymous_10)
FNDA:4,postArticle
FNDA:3,(anonymous_12)
FNDA:2,(anonymous_13)
FNDA:1,(anonymous_14)
FNDA:3,editPost
FNDA:2,(anonymous_16)
FNDA:1,(anonymous_17)
FNDA:1,(anonymous_18)
FNDA:3,editComment
FNDA:2,(anonymous_20)
FNDA:1,(anonymous_21)
FNDA:1,(anonymous_22)
FNDA:4,fetchAllArticles
FNDA:1,(anonymous_24)
FNDA:3,postNewArticle
FNDA:1,(anonymous_26)
FNDA:1,(anonymous_27)
FNDA:2,putEditPost
FNDA:1,(anonymous_29)
FNDA:2,putEditComment
FNDA:1,(anonymous_31)
DA:1,8
DA:2,8
DA:5,8
DA:13,8
DA:20,8
DA:22,8
DA:24,8
DA:27,8
DA:28,2
DA:29,1
DA:31,1
DA:34,8
DA:35,2
DA:36,1
DA:38,1
DA:41,8
DA:43,8
DA:47,8
DA:48,4
DA:49,1
DA:50,3
DA:52,8
DA:53,4
DA:54,1
DA:56,3
DA:58,2
DA:59,2
DA:61,1
DA:64,8
DA:65,3
DA:66,1
DA:68,2
DA:70,1
DA:71,1
DA:73,1
DA:76,8
DA:77,3
DA:78,1
DA:80,2
DA:82,1
DA:83,1
DA:85,1
DA:90,8
DA:92,1
DA:93,8
DA:94,3
DA:95,1
DA:97,1
DA:99,2
DA:100,1
DA:103,8
DA:105,1
DA:106,8
DA:108,1
LF:54
LH:54
BRDA:28,0,0,1
BRDA:28,0,1,1
BRDA:35,1,0,1
BRDA:35,1,1,1
BRDA:53,2,0,1
BRDA:53,2,1,3
BRDA:65,3,0,1
BRDA:65,3,1,2
BRDA:77,4,0,1
BRDA:77,4,1,2
BRDA:94,5,0,1
BRDA:94,5,1,2
BRF:12
BRH:12
end_of_record
TN:
SF:/Users/xiaoyuchen/Documents/courses/COMP431/hw6-frontend/src/components/article/container/articleReducer.js
FN:14,preprocess
FN:14,(anonymous_2)
FN:18,(anonymous_3)
FN:23,updateInclusive
FN:24,(anonymous_5)
FN:25,(anonymous_6)
FN:34,(anonymous_7)
FN:35,(anonymous_8)
FN:41,toggleComments
FN:42,(anonymous_10)
FN:45,showEditing
FN:46,(anonymous_12)
FN:47,(anonymous_13)
FN:54,article
FNF:14
FNH:14
FNDA:3,preprocess
FNDA:4,(anonymous_2)
FNDA:2,(anonymous_3)
FNDA:2,updateInclusive
FNDA:2,(anonymous_5)
FNDA:3,(anonymous_6)
FNDA:5,(anonymous_7)
FNDA:5,(anonymous_8)
FNDA:1,toggleComments
FNDA:3,(anonymous_10)
FNDA:1,showEditing
FNDA:3,(anonymous_12)
FNDA:2,(anonymous_13)
FNDA:14,article
DA:1,2
DA:3,2
DA:14,4
DA:18,2
DA:23,2
DA:25,3
DA:26,2
DA:27,1
DA:32,1
DA:34,5
DA:35,5
DA:41,2
DA:42,3
DA:45,2
DA:46,3
DA:47,2
DA:54,14
DA:55,14
DA:57,1
DA:61,2
DA:66,2
DA:72,1
DA:77,1
DA:83,7
LF:24
LH:24
BRDA:26,0,0,1
BRDA:26,0,1,1
BRDA:42,1,0,1
BRDA:42,1,1,2
BRDA:46,2,0,1
BRDA:46,2,1,2
BRDA:48,3,0,1
BRDA:48,3,1,1
BRDA:54,4,0,10
BRDA:54,4,1,4
BRDA:54,5,0,14
BRDA:54,5,1,14
BRDA:56,6,0,1
BRDA:56,6,1,2
BRDA:56,6,2,2
BRDA:56,6,3,1
BRDA:56,6,4,1
BRDA:56,6,5,7
BRF:18
BRH:18
end_of_record
TN:
SF:/Users/xiaoyuchen/Documents/courses/COMP431/hw6-frontend/src/components/article/container/presentational/article.js
FN:7,Article
FNF:1
FNH:1
FNDA:2,Article
DA:1,1
DA:7,8
DA:8,2
DA:25,1
LF:4
LH:4
BRDA:10,0,0,2
BRDA:10,0,1,1
BRDA:18,1,0,1
BRDA:18,1,1,1
BRF:4
BRH:4
end_of_record
TN:
SF:/Users/xiaoyuchen/Documents/courses/COMP431/hw6-frontend/src/components/article/container/presentational/articles.js
FN:5,Articles
FN:8,(anonymous_3)
FNF:2
FNH:2
FNDA:1,Articles
FNDA:1,(anonymous_3)
DA:1,1
DA:2,1
DA:5,4
DA:8,1
DA:38,1
LF:5
LH:5
BRDA:22,0,0,1
BRDA:22,0,1,1
BRF:2
BRH:2
end_of_record
TN:
SF:/Users/xiaoyuchen/Documents/courses/COMP431/hw6-frontend/src/components/article/container/presentational/newArticle.js
FN:6,NewArticle
FN:14,ref
FN:20,onClick
FN:30,fileHandler
FN:35,onClick
FNF:5
FNH:5
FNDA:2,NewArticle
FNDA:2,ref
FNDA:3,onClick
FNDA:1,fileHandler
FNDA:1,onClick
DA:1,1
DA:3,1
DA:6,2
DA:7,2
DA:8,2
DA:9,2
DA:14,2
DA:21,3
DA:22,3
DA:24,3
DA:30,1
DA:36,1
DA:37,1
DA:47,1
LF:14
LH:14
BRF:0
BRH:0
end_of_record
TN:
SF:/Users/xiaoyuchen/Documents/courses/COMP431/hw6-frontend/src/components/auth/container/authActions.js
FN:20,registerAction
FN:21,loginAction
FN:22,logoutAction
FN:23,loginRequested
FN:25,loginReceived
FN:27,registerRequested
FN:29,registerReceived
FN:33,register
FN:36,(anonymous_9)
FN:49,(anonymous_10)
FN:52,(anonymous_11)
FN:58,(anonymous_12)
FN:66,login
FN:66,(anonymous_14)
FN:69,(anonymous_15)
FN:81,(anonymous_16)
FN:87,logout
FN:87,(anonymous_18)
FN:89,(anonymous_19)
FN:94,(anonymous_20)
FN:98,postRegister
FN:100,(anonymous_22)
FN:101,postLogin
FN:103,(anonymous_24)
FN:104,putLogout
FNF:25
FNH:25
FNDA:1,registerAction
FNDA:1,loginAction
FNDA:1,logoutAction
FNDA:2,loginRequested
FNDA:2,loginReceived
FNDA:2,registerRequested
FNDA:2,registerReceived
FNDA:3,register
FNDA:11,(anonymous_9)
FNDA:2,(anonymous_10)
FNDA:1,(anonymous_11)
FNDA:1,(anonymous_12)
FNDA:2,login
FNDA:2,(anonymous_14)
FNDA:1,(anonymous_15)
FNDA:1,(anonymous_16)
FNDA:2,logout
FNDA:2,(anonymous_18)
FNDA:1,(anonymous_19)
FNDA:1,(anonymous_20)
FNDA:2,postRegister
FNDA:1,(anonymous_22)
FNDA:2,postLogin
FNDA:1,(anonymous_24)
FNDA:2,putLogout
DA:1,3
DA:2,3
DA:4,3
DA:6,3
DA:7,3
DA:8,3
DA:9,3
DA:11,3
DA:20,3
DA:21,3
DA:22,3
DA:23,3
DA:25,3
DA:27,3
DA:29,3
DA:33,3
DA:35,3
DA:36,3
DA:37,11
DA:38,1
DA:39,1
DA:41,10
DA:44,3
DA:45,1
DA:49,2
DA:50,2
DA:51,2
DA:53,1
DA:54,1
DA:56,1
DA:59,1
DA:60,1
DA:66,3
DA:67,2
DA:68,2
DA:70,1
DA:71,1
DA:72,1
DA:74,1
DA:75,1
DA:76,1
DA:77,1
DA:79,1
DA:82,1
DA:83,1
DA:87,3
DA:90,1
DA:91,1
DA:92,1
DA:94,1
DA:98,3
DA:100,1
DA:101,3
DA:103,1
DA:104,3
LF:55
LH:55
BRDA:37,0,0,1
BRDA:37,0,1,10
BRDA:44,1,0,1
BRDA:44,1,1,2
BRF:4
BRH:4
end_of_record
TN:
SF:/Users/xiaoyuchen/Documents/courses/COMP431/hw6-frontend/src/components/auth/container/authReducer.js
FN:11,auth
FNF:1
FNH:1
FNDA:12,auth
DA:1,2
DA:2,2
DA:4,2
DA:11,12
DA:12,12
DA:14,1
DA:19,1
DA:24,1
DA:26,1
DA:31,1
DA:33,7
LF:11
LH:11
BRDA:11,0,0,8
BRDA:11,0,1,4
BRDA:11,1,0,12
BRDA:11,1,1,12
BRDA:13,2,0,1
BRDA:13,2,1,1
BRDA:13,2,2,1
BRDA:13,2,3,1
BRDA:13,2,4,1
BRDA:13,2,5,7
BRF:10
BRH:10
end_of_record
TN:
SF:/Users/xiaoyuchen/Documents/courses/COMP431/hw6-frontend/src/components/main/container/followingActions.js
FN:14,followingAction
FN:16,updateHeadlinesAction
FN:18,updateAvatarsAction
FN:20,setAllFollowing
FN:20,(anonymous_4)
FN:22,(anonymous_5)
FN:24,(anonymous_6)
FN:29,follow
FN:33,(anonymous_8)
FN:34,(anonymous_9)
FN:39,(anonymous_10)
FN:43,unfollow
FN:43,(anonymous_12)
FN:45,(anonymous_13)
FN:50,(anonymous_14)
FN:53,updateHeadlines
FN:53,(anonymous_16)
FN:55,(anonymous_17)
FN:56,(anonymous_18)
FN:60,updateAvatars
FN:60,(anonymous_20)
FN:62,(anonymous_21)
FN:63,(anonymous_22)
FN:68,fetchAllFollowing
FN:69,fetchHeadlines
FN:70,(anonymous_25)
FN:71,fetchAvatars
FN:72,(anonymous_27)
FN:73,putFollow
FN:74,deleteFollow
FN:78,updateFollowing
FN:78,(anonymous_31)
FNF:32
FNH:32
FNDA:3,followingAction
FNDA:1,updateHeadlinesAction
FNDA:1,updateAvatarsAction
FNDA:2,setAllFollowing
FNDA:2,(anonymous_4)
FNDA:1,(anonymous_5)
FNDA:1,(anonymous_6)
FNDA:3,follow
FNDA:2,(anonymous_8)
FNDA:1,(anonymous_9)
FNDA:1,(anonymous_10)
FNDA:2,unfollow
FNDA:2,(anonymous_12)
FNDA:1,(anonymous_13)
FNDA:1,(anonymous_14)
FNDA:3,updateHeadlines
FNDA:3,(anonymous_16)
FNDA:1,(anonymous_17)
FNDA:2,(anonymous_18)
FNDA:3,updateAvatars
FNDA:3,(anonymous_20)
FNDA:1,(anonymous_21)
FNDA:2,(anonymous_22)
FNDA:2,fetchAllFollowing
FNDA:3,fetchHeadlines
FNDA:1,(anonymous_25)
FNDA:3,fetchAvatars
FNDA:1,(anonymous_27)
FNDA:2,putFollow
FNDA:2,deleteFollow
FNDA:3,updateFollowing
FNDA:3,(anonymous_31)
DA:1,5
DA:2,5
DA:4,5
DA:7,5
DA:14,5
DA:16,5
DA:18,5
DA:20,5
DA:22,2
DA:24,1
DA:29,5
DA:30,3
DA:31,1
DA:33,2
DA:34,2
DA:35,1
DA:36,1
DA:37,1
DA:39,1
DA:43,5
DA:45,2
DA:46,1
DA:47,1
DA:48,1
DA:50,1
DA:53,5
DA:55,1
DA:56,2
DA:60,5
DA:62,1
DA:63,2
DA:68,5
DA:69,5
DA:70,1
DA:71,5
DA:72,1
DA:73,5
DA:74,5
DA:78,5
DA:79,3
DA:80,3
DA:81,3
LF:42
LH:42
BRDA:30,0,0,1
BRDA:30,0,1,2
BRF:2
BRH:2
end_of_record
TN:
SF:/Users/xiaoyuchen/Documents/courses/COMP431/hw6-frontend/src/components/main/container/followingReducer.js
FN:9,following
FN:15,(anonymous_2)
FN:21,(anonymous_3)
FN:23,(anonymous_4)
FNF:4
FNH:4
FNDA:10,following
FNDA:2,(anonymous_2)
FNDA:4,(anonymous_3)
FNDA:6,(anonymous_4)
DA:1,2
DA:3,2
DA:9,10
DA:10,10
DA:12,1
DA:15,2
DA:19,2
DA:21,4
DA:23,6
DA:27,7
LF:10
LH:10
BRDA:9,0,0,6
BRDA:9,0,1,4
BRDA:9,1,0,10
BRDA:9,1,1,10
BRDA:11,2,0,1
BRDA:11,2,1,1
BRDA:11,2,2,2
BRDA:11,2,3,7
BRF:8
BRH:8
end_of_record
TN:
SF:/Users/xiaoyuchen/Documents/courses/COMP431/hw6-frontend/src/components/main/container/homeActions.js
FN:11,updateHeadlineAction
FN:13,updateAvatarAction
FN:17,updateHeadline
FN:21,(anonymous_3)
FN:22,(anonymous_4)
FN:26,(anonymous_5)
FN:31,updateAvatar
FN:31,(anonymous_7)
FN:33,(anonymous_8)
FN:37,(anonymous_9)
FN:41,getHeadline
FN:41,(anonymous_11)
FN:43,(anonymous_12)
FN:44,(anonymous_13)
FN:47,getAvatar
FN:47,(anonymous_15)
FN:49,(anonymous_16)
FN:50,(anonymous_17)
FN:53,setInitialHome
FN:53,(anonymous_19)
FN:59,fetchHeadline
FN:60,(anonymous_21)
FN:61,fetchAvatar
FN:62,(anonymous_23)
FN:63,putHeadline
FN:64,(anonymous_25)
FN:65,putAvatar
FN:67,(anonymous_27)
FNF:28
FNH:28
FNDA:2,updateHeadlineAction
FNDA:2,updateAvatarAction
FNDA:3,updateHeadline
FNDA:2,(anonymous_3)
FNDA:1,(anonymous_4)
FNDA:1,(anonymous_5)
FNDA:2,updateAvatar
FNDA:2,(anonymous_7)
FNDA:1,(anonymous_8)
FNDA:1,(anonymous_9)
FNDA:2,getHeadline
FNDA:2,(anonymous_11)
FNDA:1,(anonymous_12)
FNDA:1,(anonymous_13)
FNDA:2,getAvatar
FNDA:2,(anonymous_15)
FNDA:1,(anonymous_16)
FNDA:1,(anonymous_17)
FNDA:1,setInitialHome
FNDA:1,(anonymous_19)
FNDA:2,fetchHeadline
FNDA:1,(anonymous_21)
FNDA:2,fetchAvatar
FNDA:1,(anonymous_23)
FNDA:2,putHeadline
FNDA:1,(anonymous_25)
FNDA:2,putAvatar
FNDA:1,(anonymous_27)
DA:1,5
DA:2,5
DA:5,5
DA:11,5
DA:13,5
DA:17,5
DA:18,3
DA:19,1
DA:21,2
DA:23,1
DA:24,1
DA:26,1
DA:31,5
DA:34,1
DA:35,1
DA:37,1
DA:41,5
DA:43,1
DA:44,1
DA:47,5
DA:49,1
DA:50,1
DA:53,5
DA:54,1
DA:55,1
DA:59,5
DA:60,1
DA:61,5
DA:62,1
DA:63,5
DA:64,1
DA:65,5
DA:67,1
LF:33
LH:33
BRDA:18,0,0,1
BRDA:18,0,1,2
BRF:2
BRH:2
end_of_record
TN:
SF:/Users/xiaoyuchen/Documents/courses/COMP431/hw6-frontend/src/components/main/container/homeReducer.js
FN:9,home
FNF:1
FNH:1
FNDA:9,home
DA:1,2
DA:3,2
DA:9,9
DA:10,9
DA:12,1
DA:17,1
DA:22,7
LF:7
LH:7
BRDA:9,0,0,5
BRDA:9,0,1,4
BRDA:9,1,0,9
BRDA:9,1,1,9
BRDA:11,2,0,1
BRDA:11,2,1,1
BRDA:11,2,2,7
BRF:7
BRH:7
end_of_record
TN:
SF:/Users/xiaoyuchen/Documents/courses/COMP431/hw6-frontend/src/components/profile/container/profileActions.js
FN:13,updateEmailAction
FN:15,updateZipcodeAction
FN:17,setDobAction
FN:20,updateEmail
FN:24,(anonymous_5)
FN:25,(anonymous_6)
FN:29,(anonymous_7)
FN:34,updateZipcode
FN:38,(anonymous_9)
FN:39,(anonymous_10)
FN:43,(anonymous_11)
FN:47,updatePassword
FN:51,(anonymous_13)
FN:52,(anonymous_14)
FN:57,(anonymous_15)
FN:61,getEmail
FN:61,(anonymous_17)
FN:63,(anonymous_18)
FN:64,(anonymous_19)
FN:67,getZipcode
FN:67,(anonymous_21)
FN:69,(anonymous_22)
FN:70,(anonymous_23)
FN:73,getDob
FN:73,(anonymous_25)
FN:75,(anonymous_26)
FN:76,(anonymous_27)
FN:79,setInitialProfile
FN:79,(anonymous_29)
FN:86,fetchEmail
FN:87,(anonymous_31)
FN:88,fetchZipcode
FN:89,(anonymous_33)
FN:90,fetchDob
FN:91,(anonymous_35)
FN:92,putEmail
FN:93,(anonymous_37)
FN:94,putZipcode
FN:95,(anonymous_39)
FN:96,putPassword
FNF:40
FNH:40
FNDA:2,updateEmailAction
FNDA:2,updateZipcodeAction
FNDA:1,setDobAction
FNDA:3,updateEmail
FNDA:2,(anonymous_5)
FNDA:1,(anonymous_6)
FNDA:1,(anonymous_7)
FNDA:3,updateZipcode
FNDA:2,(anonymous_9)
FNDA:1,(anonymous_10)
FNDA:1,(anonymous_11)
FNDA:3,updatePassword
FNDA:2,(anonymous_13)
FNDA:1,(anonymous_14)
FNDA:1,(anonymous_15)
FNDA:2,getEmail
FNDA:2,(anonymous_17)
FNDA:1,(anonymous_18)
FNDA:1,(anonymous_19)
FNDA:2,getZipcode
FNDA:2,(anonymous_21)
FNDA:1,(anonymous_22)
FNDA:1,(anonymous_23)
FNDA:2,getDob
FNDA:2,(anonymous_25)
FNDA:1,(anonymous_26)
FNDA:1,(anonymous_27)
FNDA:1,setInitialProfile
FNDA:1,(anonymous_29)
FNDA:2,fetchEmail
FNDA:1,(anonymous_31)
FNDA:2,fetchZipcode
FNDA:1,(anonymous_33)
FNDA:2,fetchDob
FNDA:1,(anonymous_35)
FNDA:2,putEmail
FNDA:1,(anonymous_37)
FNDA:2,putZipcode
FNDA:1,(anonymous_39)
FNDA:2,putPassword
DA:1,5
DA:2,5
DA:3,5
DA:6,5
DA:13,5
DA:15,5
DA:17,5
DA:20,5
DA:21,3
DA:22,1
DA:24,2
DA:26,1
DA:27,1
DA:29,1
DA:34,5
DA:35,3
DA:36,1
DA:38,2
DA:40,1
DA:41,1
DA:43,1
DA:47,5
DA:48,3
DA:49,1
DA:51,2
DA:53,1
DA:55,1
DA:57,1
DA:61,5
DA:63,1
DA:64,1
DA:67,5
DA:69,1
DA:70,1
DA:73,5
DA:75,1
DA:76,1
DA:79,5
DA:80,1
DA:81,1
DA:82,1
DA:86,5
DA:87,1
DA:88,5
DA:89,1
DA:90,5
DA:91,1
DA:92,5
DA:93,1
DA:94,5
DA:95,1
DA:96,5
LF:52
LH:52
BRDA:21,0,0,1
BRDA:21,0,1,2
BRDA:35,1,0,1
BRDA:35,1,1,2
BRDA:48,2,0,1
BRDA:48,2,1,2
BRF:6
BRH:6
end_of_record
TN:
SF:/Users/xiaoyuchen/Documents/courses/COMP431/hw6-frontend/src/components/profile/container/profileReducer.js
FN:10,profile
FNF:1
FNH:1
FNDA:10,profile
DA:1,2
DA:3,2
DA:10,10
DA:11,10
DA:13,1
DA:18,1
DA:23,1
DA:28,7
LF:8
LH:8
BRDA:10,0,0,6
BRDA:10,0,1,4
BRDA:10,1,0,10
BRDA:10,1,1,10
BRDA:12,2,0,1
BRDA:12,2,1,1
BRDA:12,2,2,1
BRDA:12,2,3,7
BRF:8
BRH:8
end_of_record
